0 info it worked if it ends with ok
1 verbose cli [ 'C:\\Program Files\\nodejs\\node.exe',
1 verbose cli   'C:\\Program Files\\nodejs\\node_modules\\npm\\bin\\npm-cli.js',
1 verbose cli   'install',
1 verbose cli   'java' ]
2 info using npm@2.15.9
3 info using node@v4.5.0
4 verbose install initial load of C:\Users\HP PAVILION\My Documents\Cordova Projects\SmartVisualizer\package.json
5 verbose readDependencies loading dependencies from C:\Users\HP PAVILION\My Documents\Cordova Projects\SmartVisualizer\package.json
6 silly cache add args [ 'java', null ]
7 verbose cache add spec java
8 silly cache add parsed spec Result {
8 silly cache add   raw: 'java',
8 silly cache add   scope: null,
8 silly cache add   name: 'java',
8 silly cache add   rawSpec: '',
8 silly cache add   spec: 'latest',
8 silly cache add   type: 'tag' }
9 silly addNamed java@latest
10 verbose addNamed "latest" is being treated as a dist-tag for java
11 info addNameTag [ 'java', 'latest' ]
12 silly mapToRegistry name java
13 silly mapToRegistry using default registry
14 silly mapToRegistry registry https://registry.npmjs.org/
15 silly mapToRegistry data Result {
15 silly mapToRegistry   raw: 'java',
15 silly mapToRegistry   scope: null,
15 silly mapToRegistry   name: 'java',
15 silly mapToRegistry   rawSpec: '',
15 silly mapToRegistry   spec: 'latest',
15 silly mapToRegistry   type: 'tag' }
16 silly mapToRegistry uri https://registry.npmjs.org/java
17 verbose addNameTag registry:https://registry.npmjs.org/java not in flight; fetching
18 verbose request uri https://registry.npmjs.org/java
19 verbose request no auth needed
20 info attempt registry request try #1 at 2:11:41 PM
21 verbose request id 23430d114150533b
22 http request GET https://registry.npmjs.org/java
23 http 200 https://registry.npmjs.org/java
24 verbose headers { server: 'CouchDB/1.5.0 (Erlang OTP/R16B03)',
24 verbose headers   etag: '"6DW3JYDH67ST5EJEL72Y1Z4IQ"',
24 verbose headers   'content-type': 'application/json',
24 verbose headers   'content-encoding': 'gzip',
24 verbose headers   'cache-control': 'max-age=300',
24 verbose headers   'content-length': '17535',
24 verbose headers   'accept-ranges': 'bytes',
24 verbose headers   date: 'Sun, 25 Sep 2016 08:42:06 GMT',
24 verbose headers   via: '1.1 varnish',
24 verbose headers   age: '0',
24 verbose headers   connection: 'keep-alive',
24 verbose headers   'x-served-by': 'cache-sin6924-SIN',
24 verbose headers   'x-cache': 'MISS',
24 verbose headers   'x-cache-hits': '0',
24 verbose headers   'x-timer': 'S1474792925.820799,VS0,VE509',
24 verbose headers   vary: 'Accept-Encoding' }
25 silly get cb [ 200,
25 silly get   { server: 'CouchDB/1.5.0 (Erlang OTP/R16B03)',
25 silly get     etag: '"6DW3JYDH67ST5EJEL72Y1Z4IQ"',
25 silly get     'content-type': 'application/json',
25 silly get     'content-encoding': 'gzip',
25 silly get     'cache-control': 'max-age=300',
25 silly get     'content-length': '17535',
25 silly get     'accept-ranges': 'bytes',
25 silly get     date: 'Sun, 25 Sep 2016 08:42:06 GMT',
25 silly get     via: '1.1 varnish',
25 silly get     age: '0',
25 silly get     connection: 'keep-alive',
25 silly get     'x-served-by': 'cache-sin6924-SIN',
25 silly get     'x-cache': 'MISS',
25 silly get     'x-cache-hits': '0',
25 silly get     'x-timer': 'S1474792925.820799,VS0,VE509',
25 silly get     vary: 'Accept-Encoding' } ]
26 verbose get saving java to C:\Users\HP PAVILION\AppData\Roaming\npm-cache\registry.npmjs.org\java\.cache.json
27 verbose correctMkdir C:\Users\HP PAVILION\AppData\Roaming\npm-cache correctMkdir not in flight; initializing
28 silly addNameTag next cb for java with tag latest
29 silly addNamed java@0.7.2
30 verbose addNamed "0.7.2" is a plain semver version for java
31 silly mapToRegistry name java
32 silly mapToRegistry using default registry
33 silly mapToRegistry registry https://registry.npmjs.org/
34 silly mapToRegistry data Result {
34 silly mapToRegistry   raw: 'java',
34 silly mapToRegistry   scope: null,
34 silly mapToRegistry   name: 'java',
34 silly mapToRegistry   rawSpec: '',
34 silly mapToRegistry   spec: 'latest',
34 silly mapToRegistry   type: 'tag' }
35 silly mapToRegistry uri https://registry.npmjs.org/java
36 verbose addRemoteTarball https://registry.npmjs.org/java/-/java-0.7.2.tgz not in flight; adding
37 verbose addRemoteTarball [ 'https://registry.npmjs.org/java/-/java-0.7.2.tgz',
37 verbose addRemoteTarball   '1d3f2b67d40f0d388970bf88cc05c7617da5f596' ]
38 info retry fetch attempt 1 at 2:11:45 PM
39 info attempt registry request try #1 at 2:11:45 PM
40 http fetch GET https://registry.npmjs.org/java/-/java-0.7.2.tgz
41 http fetch 200 https://registry.npmjs.org/java/-/java-0.7.2.tgz
42 info retry will retry, error on last attempt: Error: read ECONNRESET
43 info retry will retry, error on last attempt: Error: read ECONNRESET
44 silly fetchAndShaCheck shasum 1d3f2b67d40f0d388970bf88cc05c7617da5f596
45 verbose stack Error: shasum check failed for C:\Users\HPPAVI~1\AppData\Local\Temp\npm-7440-c8e3d9c7\registry.npmjs.org\java\-\java-0.7.2.tgz
45 verbose stack Expected: 1d3f2b67d40f0d388970bf88cc05c7617da5f596
45 verbose stack Actual:   6bfdca539be85b04cf543c7fa2d1850c1b14818c
45 verbose stack From:     https://registry.npmjs.org/java/-/java-0.7.2.tgz
45 verbose stack     at C:\Program Files\nodejs\node_modules\npm\node_modules\sha\index.js:25:8
45 verbose stack     at ReadStream.<anonymous> (C:\Program Files\nodejs\node_modules\npm\node_modules\sha\index.js:72:7)
45 verbose stack     at emitNone (events.js:72:20)
45 verbose stack     at ReadStream.emit (events.js:166:7)
45 verbose stack     at endReadableNT (_stream_readable.js:921:12)
45 verbose stack     at nextTickCallbackWith2Args (node.js:442:9)
45 verbose stack     at process._tickCallback (node.js:356:17)
46 verbose cwd C:\Users\HP PAVILION\My Documents\Cordova Projects\SmartVisualizer
47 error Windows_NT 6.3.9600
48 error argv "C:\\Program Files\\nodejs\\node.exe" "C:\\Program Files\\nodejs\\node_modules\\npm\\bin\\npm-cli.js" "install" "java"
49 error node v4.5.0
50 error npm  v2.15.9
51 error shasum check failed for C:\Users\HPPAVI~1\AppData\Local\Temp\npm-7440-c8e3d9c7\registry.npmjs.org\java\-\java-0.7.2.tgz
51 error Expected: 1d3f2b67d40f0d388970bf88cc05c7617da5f596
51 error Actual:   6bfdca539be85b04cf543c7fa2d1850c1b14818c
51 error From:     https://registry.npmjs.org/java/-/java-0.7.2.tgz
52 error If you need help, you may report this error at:
52 error     <https://github.com/npm/npm/issues>
53 verbose exit [ 1, true ]
